#! /usr/bin/vvp
:ivl_version "12.0 (stable)" "(v12_0-dirty)";
:ivl_delay_selection "TYPICAL";
:vpi_time_precision + 0;
:vpi_module "/usr/lib/ivl/system.vpi";
:vpi_module "/usr/lib/ivl/vhdl_sys.vpi";
:vpi_module "/usr/lib/ivl/vhdl_textio.vpi";
:vpi_module "/usr/lib/ivl/v2005_math.vpi";
:vpi_module "/usr/lib/ivl/va_math.vpi";
:vpi_module "/usr/lib/ivl/v2009.vpi";
S_0x5593b9e78170 .scope package, "$unit" "$unit" 2 1;
 .timescale 0 0;
S_0x5593b9e78300 .scope module, "transmisor_tb" "transmisor_tb" 3 4;
 .timescale 0 0;
v0x5593b9f15ba0_0 .net "GTX_CLK", 0 0, v0x5593b9eeae60_0;  1 drivers
v0x5593b9f15c60_0 .net "RESET", 0 0, v0x5593b9f10a30_0;  1 drivers
v0x5593b9f15d70_0 .net "TXD", 7 0, v0x5593b9f10af0_0;  1 drivers
v0x5593b9f15e60_0 .net "TX_EN", 0 0, v0x5593b9f10be0_0;  1 drivers
v0x5593b9f15f50_0 .net "TX_ER", 0 0, v0x5593b9f10ca0_0;  1 drivers
v0x5593b9f16090_0 .net "tx_code_group", 9 0, v0x5593b9f157d0_0;  1 drivers
S_0x5593b9eeab40 .scope module, "TST0" "tester" 3 33, 4 2 0, S_0x5593b9e78300;
 .timescale 0 0;
    .port_info 0 /OUTPUT 1 "RESET";
    .port_info 1 /OUTPUT 8 "TXD";
    .port_info 2 /OUTPUT 1 "TX_EN";
    .port_info 3 /OUTPUT 1 "TX_ER";
    .port_info 4 /OUTPUT 1 "GTX_CLK";
    .port_info 5 /INPUT 10 "tx_code_group";
P_0x5593b9eead20 .param/l "h_freq" 0 4 28, +C4<00000000000000000000000000001010>;
v0x5593b9eeae60_0 .var "GTX_CLK", 0 0;
v0x5593b9f10a30_0 .var "RESET", 0 0;
v0x5593b9f10af0_0 .var "TXD", 7 0;
v0x5593b9f10be0_0 .var "TX_EN", 0 0;
v0x5593b9f10ca0_0 .var "TX_ER", 0 0;
v0x5593b9f10db0_0 .net "tx_code_group", 9 0, v0x5593b9f157d0_0;  alias, 1 drivers
S_0x5593b9f10f50 .scope module, "TX0" "transmisor" 3 24, 5 2 0, S_0x5593b9e78300;
 .timescale 0 0;
    .port_info 0 /INPUT 1 "RESET";
    .port_info 1 /INPUT 8 "TXD";
    .port_info 2 /INPUT 1 "TX_EN";
    .port_info 3 /INPUT 1 "TX_ER";
    .port_info 4 /INPUT 1 "GTX_CLK";
    .port_info 5 /OUTPUT 10 "tx_code_group";
P_0x5593b9f11150 .param/l "D15_7_RD_Minus_EF" 0 6 45, C4<0101110001>;
P_0x5593b9f11190 .param/l "D15_7_RD_Plus_EF" 0 6 63, C4<1010001110>;
P_0x5593b9f111d0 .param/l "D16_2_RD_Minus_50" 0 6 68, C4<0110110101>;
P_0x5593b9f11210 .param/l "D16_2_RD_Plus_50" 0 6 72, C4<1001001010>;
P_0x5593b9f11250 .param/l "D16_7_RD_Minus_F0" 0 6 29, C4<0110110001>;
P_0x5593b9f11290 .param/l "D16_7_RD_Plus_F0" 0 6 47, C4<1001001110>;
P_0x5593b9f112d0 .param/l "D17_7_RD_Minus_F1" 0 6 30, C4<1000110111>;
P_0x5593b9f11310 .param/l "D17_7_RD_Plus_F1" 0 6 48, C4<0111001000>;
P_0x5593b9f11350 .param/l "D18_7_RD_Minus_F2" 0 6 31, C4<0100110111>;
P_0x5593b9f11390 .param/l "D18_7_RD_Plus_F2" 0 6 49, C4<1011001000>;
P_0x5593b9f113d0 .param/l "D19_7_RD_Minus_F3" 0 6 32, C4<1100101110>;
P_0x5593b9f11410 .param/l "D19_7_RD_Plus_F3" 0 6 50, C4<0011010001>;
P_0x5593b9f11450 .param/l "D20_7_RD_Minus_F4" 0 6 33, C4<0010110111>;
P_0x5593b9f11490 .param/l "D20_7_RD_Plus_F4" 0 6 51, C4<1101001000>;
P_0x5593b9f114d0 .param/l "D21_7_RD_Minus_F5" 0 6 34, C4<1010101110>;
P_0x5593b9f11510 .param/l "D21_7_RD_Plus_F5" 0 6 52, C4<0101010001>;
P_0x5593b9f11550 .param/l "D22_7_RD_Minus_F6" 0 6 35, C4<0110101110>;
P_0x5593b9f11590 .param/l "D22_7_RD_Plus_F6" 0 6 53, C4<1001010001>;
P_0x5593b9f115d0 .param/l "D23_7_RD_Minus_F7" 0 6 36, C4<1110100001>;
P_0x5593b9f11610 .param/l "D23_7_RD_Plus_F7" 0 6 54, C4<0001011110>;
P_0x5593b9f11650 .param/l "D24_7_RD_Minus_F8" 0 6 37, C4<1100110001>;
P_0x5593b9f11690 .param/l "D24_7_RD_Plus_F8" 0 6 55, C4<0011001110>;
P_0x5593b9f116d0 .param/l "D25_7_RD_Minus_F9" 0 6 38, C4<1001101110>;
P_0x5593b9f11710 .param/l "D25_7_RD_Plus_F9" 0 6 56, C4<0110010001>;
P_0x5593b9f11750 .param/l "D26_4_RD_Minus_9A" 0 6 69, C4<0101100010>;
P_0x5593b9f11790 .param/l "D26_4_RD_Plus_9A" 0 6 74, C4<1010011101>;
P_0x5593b9f117d0 .param/l "D26_7_RD_Minus_FA" 0 6 39, C4<0101101110>;
P_0x5593b9f11810 .param/l "D26_7_RD_Plus_FA" 0 6 57, C4<1010010001>;
P_0x5593b9f11850 .param/l "D27_7_RD_Minus_FB" 0 6 40, C4<1101100001>;
P_0x5593b9f11890 .param/l "D27_7_RD_Plus_FB" 0 6 58, C4<0010011110>;
P_0x5593b9f118d0 .param/l "D28_7_RD_Minus_FC" 0 6 41, C4<0011101110>;
P_0x5593b9f11910 .param/l "D28_7_RD_Plus_FC" 0 6 59, C4<1100010001>;
P_0x5593b9f11950 .param/l "D29_7_RD_Minus_FD" 0 6 42, C4<1011100001>;
P_0x5593b9f11990 .param/l "D29_7_RD_Plus_FD" 0 6 60, C4<0100011110>;
P_0x5593b9f119d0 .param/l "D30_7_RD_Minus_FE" 0 6 43, C4<0111100001>;
P_0x5593b9f11a10 .param/l "D30_7_RD_Plus_FE" 0 6 61, C4<1000011110>;
P_0x5593b9f11a50 .param/l "D31_7_RD_Minus_FF" 0 6 44, C4<1010110001>;
P_0x5593b9f11a90 .param/l "D31_7_RD_Plus_FF" 0 6 62, C4<0101001110>;
P_0x5593b9f11ad0 .param/l "D5_6_RD_Minus_C5" 0 6 66, C4<1010010110>;
P_0x5593b9f11b10 .param/l "D5_6_RD_Plus_C5" 0 6 71, C4<0101101001>;
P_0x5593b9f11b50 .param/l "D6_5_RD_Minus_A6" 0 6 67, C4<0110011010>;
P_0x5593b9f11b90 .param/l "D6_5_RD_Plus_A6" 0 6 73, C4<1001100101>;
P_0x5593b9f11bd0 .param/l "DATA_GO" 1 5 60, C4<00000100000000000>;
P_0x5593b9f11c10 .param/l "DATO_INVALIDO1" 0 6 76, C4<1111111111>;
P_0x5593b9f11c50 .param/l "DATO_INVALIDO2" 0 6 77, C4<1111101111>;
P_0x5593b9f11c90 .param/l "END_OF_PACKET_NOEXT" 1 5 56, C4<00000000010000000>;
P_0x5593b9f11cd0 .param/l "EPD2_NOEXT" 1 5 55, C4<00000000001000000>;
P_0x5593b9f11d10 .param/l "EPD3" 1 5 57, C4<00000000100000000>;
P_0x5593b9f11d50 .param/l "GENERATE_CODE_GROUPS" 1 5 58, C4<00000001000000000>;
P_0x5593b9f11d90 .param/l "IDLE" 1 5 49, C4<00000000000000001>;
P_0x5593b9f11dd0 .param/l "IDLE_DISPARITY_OK" 1 5 64, C4<01000000000000000>;
P_0x5593b9f11e10 .param/l "IDLE_DISPARITY_TEST" 1 5 61, C4<00001000000000000>;
P_0x5593b9f11e50 .param/l "IDLE_DISPARITY_WRONG" 1 5 62, C4<00010000000000000>;
P_0x5593b9f11e90 .param/l "IDLE_I1B" 1 5 63, C4<00100000000000000>;
P_0x5593b9f11ed0 .param/l "IDLE_I2B" 1 5 65, C4<10000000000000000>;
P_0x5593b9f11f10 .param/l "K23_7_RD_Minus_F7" 0 6 10, C4<1110101000>;
P_0x5593b9f11f50 .param/l "K23_7_RD_Plus_F7" 0 6 23, C4<0001010111>;
P_0x5593b9f11f90 .param/l "K27_7_RD_Minus_FB" 0 6 11, C4<1101101000>;
P_0x5593b9f11fd0 .param/l "K27_7_RD_Plus_FB" 0 6 24, C4<0010010111>;
P_0x5593b9f12010 .param/l "K28_0_RD_Minus_1C" 0 6 2, C4<0011110100>;
P_0x5593b9f12050 .param/l "K28_0_RD_Plus_1C" 0 6 15, C4<1100001011>;
P_0x5593b9f12090 .param/l "K28_1_RD_Minus_3C" 0 6 3, C4<0011111001>;
P_0x5593b9f120d0 .param/l "K28_1_RD_Plus_3C" 0 6 16, C4<1100000110>;
P_0x5593b9f12110 .param/l "K28_2_RD_Minus_5C" 0 6 4, C4<0011110101>;
P_0x5593b9f12150 .param/l "K28_2_RD_Plus_5C" 0 6 17, C4<1100001010>;
P_0x5593b9f12190 .param/l "K28_3_RD_Minus_7C" 0 6 5, C4<0011110011>;
P_0x5593b9f121d0 .param/l "K28_3_RD_Plus_7C" 0 6 18, C4<1100001100>;
P_0x5593b9f12210 .param/l "K28_4_RD_Minus_9C" 0 6 6, C4<0011110010>;
P_0x5593b9f12250 .param/l "K28_4_RD_Plus_9C" 0 6 19, C4<1100001101>;
P_0x5593b9f12290 .param/l "K28_5_RD_Minus_BC" 0 6 7, C4<0011111010>;
P_0x5593b9f122d0 .param/l "K28_5_RD_Plus_BC" 0 6 20, C4<1100000101>;
P_0x5593b9f12310 .param/l "K28_6_RD_Minus_DC" 0 6 8, C4<0011110110>;
P_0x5593b9f12350 .param/l "K28_6_RD_Plus_DC" 0 6 21, C4<1100001001>;
P_0x5593b9f12390 .param/l "K28_7_RD_Minus_FC" 0 6 9, C4<0011111000>;
P_0x5593b9f123d0 .param/l "K28_7_RD_Plus_FC" 0 6 22, C4<1100000111>;
P_0x5593b9f12410 .param/l "K29_7_RD_Minus_FD" 0 6 12, C4<1011101000>;
P_0x5593b9f12450 .param/l "K29_7_RD_Plus_FD" 0 6 25, C4<0100010111>;
P_0x5593b9f12490 .param/l "K30_7_RD_Minus_FE" 0 6 13, C4<0111101000>;
P_0x5593b9f124d0 .param/l "K30_7_RD_Plus_FE" 0 6 26, C4<1000010111>;
P_0x5593b9f12510 .param/l "SPECIAL_GO" 1 5 59, C4<00000010000000000>;
P_0x5593b9f12550 .param/l "START_OF_PACKET" 1 5 52, C4<00000000000001000>;
P_0x5593b9f12590 .param/l "TX_DATA" 1 5 53, C4<00000000000010000>;
P_0x5593b9f125d0 .param/l "TX_PACKET" 1 5 54, C4<00000000000100000>;
P_0x5593b9f12610 .param/l "XMIT_DATA" 1 5 50, C4<00000000000000010>;
P_0x5593b9f12650 .param/l "XMIT_LPIDLE" 1 5 51, C4<00000000000000100>;
v0x5593b9f14d30_0 .net "GTX_CLK", 0 0, v0x5593b9eeae60_0;  alias, 1 drivers
v0x5593b9f14df0_0 .var "PUDR", 0 0;
v0x5593b9f14e90_0 .net "RESET", 0 0, v0x5593b9f10a30_0;  alias, 1 drivers
v0x5593b9f14f90_0 .net "TXD", 7 0, v0x5593b9f10af0_0;  alias, 1 drivers
v0x5593b9f15060_0 .net "TX_EN", 0 0, v0x5593b9f10be0_0;  alias, 1 drivers
v0x5593b9f15100_0 .net "TX_ER", 0 0, v0x5593b9f10ca0_0;  alias, 1 drivers
v0x5593b9f151d0_0 .var "TX_OSET", 11 0;
v0x5593b9f15270_0 .var "TX_OSET_indicate", 0 0;
v0x5593b9f15310_0 .var "assert_lpidle", 0 0;
v0x5593b9f153b0_0 .var "estado_actual", 16 0;
v0x5593b9f15490_0 .var "estado_retorno_cg_idle", 16 0;
v0x5593b9f15570_0 .var "prox_estado", 16 0;
v0x5593b9f15650_0 .var "seg_CG_I", 0 0;
v0x5593b9f15710_0 .var "transmitting", 0 0;
v0x5593b9f157d0_0 .var "tx_code_group", 9 0;
v0x5593b9f158c0_0 .var "tx_disparity", 0 0;
v0x5593b9f15960_0 .var "tx_even", 0 0;
v0x5593b9f15a20_0 .var "xmit", 0 0;
E_0x5593b9ee6c00/0 .event anyedge, v0x5593b9f153b0_0, v0x5593b9f158c0_0, v0x5593b9f15960_0, v0x5593b9f10be0_0;
E_0x5593b9ee6c00/1 .event anyedge, v0x5593b9f10af0_0, v0x5593b9f10ca0_0, v0x5593b9f15270_0, v0x5593b9f15310_0;
E_0x5593b9ee6c00/2 .event anyedge, v0x5593b9f15490_0;
E_0x5593b9ee6c00 .event/or E_0x5593b9ee6c00/0, E_0x5593b9ee6c00/1, E_0x5593b9ee6c00/2;
E_0x5593b9ee68b0 .event posedge, v0x5593b9eeae60_0;
    .scope S_0x5593b9f10f50;
T_0 ;
    %wait E_0x5593b9ee68b0;
    %load/vec4 v0x5593b9f14e90_0;
    %inv;
    %flag_set/vec4 8;
    %jmp/0xz  T_0.0, 8;
    %pushi/vec4 1, 0, 17;
    %store/vec4 v0x5593b9f153b0_0, 0, 17;
    %pushi/vec4 0, 0, 1;
    %store/vec4 v0x5593b9f15960_0, 0, 1;
    %pushi/vec4 0, 0, 1;
    %store/vec4 v0x5593b9f15a20_0, 0, 1;
    %pushi/vec4 0, 0, 1;
    %store/vec4 v0x5593b9f15310_0, 0, 1;
    %pushi/vec4 0, 0, 1;
    %store/vec4 v0x5593b9f15270_0, 0, 1;
    %pushi/vec4 0, 0, 1;
    %store/vec4 v0x5593b9f158c0_0, 0, 1;
    %pushi/vec4 0, 0, 1;
    %store/vec4 v0x5593b9f15960_0, 0, 1;
    %pushi/vec4 0, 0, 12;
    %store/vec4 v0x5593b9f151d0_0, 0, 12;
    %pushi/vec4 0, 0, 1;
    %store/vec4 v0x5593b9f14df0_0, 0, 1;
    %pushi/vec4 0, 0, 1;
    %store/vec4 v0x5593b9f15650_0, 0, 1;
    %pushi/vec4 0, 0, 10;
    %store/vec4 v0x5593b9f157d0_0, 0, 10;
    %pushi/vec4 0, 0, 1;
    %store/vec4 v0x5593b9f15710_0, 0, 1;
    %jmp T_0.1;
T_0.0 ;
    %load/vec4 v0x5593b9f15570_0;
    %assign/vec4 v0x5593b9f153b0_0, 0;
    %load/vec4 v0x5593b9f158c0_0;
    %nor/r;
    %assign/vec4 v0x5593b9f158c0_0, 0;
T_0.1 ;
    %jmp T_0;
    .thread T_0;
    .scope S_0x5593b9f10f50;
T_1 ;
    %wait E_0x5593b9ee6c00;
    %load/vec4 v0x5593b9f153b0_0;
    %dup/vec4;
    %pushi/vec4 1, 0, 17;
    %cmp/u;
    %jmp/1 T_1.0, 6;
    %dup/vec4;
    %pushi/vec4 2, 0, 17;
    %cmp/u;
    %jmp/1 T_1.1, 6;
    %dup/vec4;
    %pushi/vec4 8, 0, 17;
    %cmp/u;
    %jmp/1 T_1.2, 6;
    %dup/vec4;
    %pushi/vec4 32, 0, 17;
    %cmp/u;
    %jmp/1 T_1.3, 6;
    %dup/vec4;
    %pushi/vec4 64, 0, 17;
    %cmp/u;
    %jmp/1 T_1.4, 6;
    %dup/vec4;
    %pushi/vec4 128, 0, 17;
    %cmp/u;
    %jmp/1 T_1.5, 6;
    %dup/vec4;
    %pushi/vec4 256, 0, 17;
    %cmp/u;
    %jmp/1 T_1.6, 6;
    %dup/vec4;
    %pushi/vec4 16384, 0, 17;
    %cmp/u;
    %jmp/1 T_1.7, 6;
    %dup/vec4;
    %pushi/vec4 65536, 0, 17;
    %cmp/u;
    %jmp/1 T_1.8, 6;
    %jmp T_1.9;
T_1.0 ;
    %pushi/vec4 2, 0, 17;
    %store/vec4 v0x5593b9f15490_0, 0, 17;
    %load/vec4 v0x5593b9f158c0_0;
    %flag_set/vec4 8;
    %jmp/0xz  T_1.10, 8;
    %load/vec4 v0x5593b9f15960_0;
    %flag_set/vec4 8;
    %jmp/0xz  T_1.12, 8;
    %pushi/vec4 773, 0, 10;
    %store/vec4 v0x5593b9f157d0_0, 0, 10;
    %jmp T_1.13;
T_1.12 ;
    %pushi/vec4 250, 0, 10;
    %store/vec4 v0x5593b9f157d0_0, 0, 10;
T_1.13 ;
    %pushi/vec4 16384, 0, 17;
    %store/vec4 v0x5593b9f15570_0, 0, 17;
    %jmp T_1.11;
T_1.10 ;
    %load/vec4 v0x5593b9f15960_0;
    %flag_set/vec4 8;
    %jmp/0xz  T_1.14, 8;
    %pushi/vec4 773, 0, 10;
    %store/vec4 v0x5593b9f157d0_0, 0, 10;
    %jmp T_1.15;
T_1.14 ;
    %pushi/vec4 250, 0, 10;
    %store/vec4 v0x5593b9f157d0_0, 0, 10;
T_1.15 ;
    %pushi/vec4 65536, 0, 17;
    %store/vec4 v0x5593b9f15570_0, 0, 17;
T_1.11 ;
    %pushi/vec4 1, 0, 1;
    %store/vec4 v0x5593b9f15960_0, 0, 1;
    %jmp T_1.9;
T_1.1 ;
    %load/vec4 v0x5593b9f158c0_0;
    %flag_set/vec4 8;
    %jmp/0xz  T_1.16, 8;
    %load/vec4 v0x5593b9f15960_0;
    %flag_set/vec4 8;
    %jmp/0xz  T_1.18, 8;
    %pushi/vec4 773, 0, 10;
    %store/vec4 v0x5593b9f157d0_0, 0, 10;
    %jmp T_1.19;
T_1.18 ;
    %pushi/vec4 250, 0, 10;
    %store/vec4 v0x5593b9f157d0_0, 0, 10;
T_1.19 ;
    %pushi/vec4 1, 0, 1;
    %store/vec4 v0x5593b9f15270_0, 0, 1;
    %pushi/vec4 16384, 0, 17;
    %store/vec4 v0x5593b9f15570_0, 0, 17;
    %jmp T_1.17;
T_1.16 ;
    %load/vec4 v0x5593b9f15960_0;
    %flag_set/vec4 8;
    %jmp/0xz  T_1.20, 8;
    %pushi/vec4 773, 0, 10;
    %store/vec4 v0x5593b9f157d0_0, 0, 10;
    %jmp T_1.21;
T_1.20 ;
    %pushi/vec4 250, 0, 10;
    %store/vec4 v0x5593b9f157d0_0, 0, 10;
T_1.21 ;
    %pushi/vec4 1, 0, 1;
    %store/vec4 v0x5593b9f15270_0, 0, 1;
    %pushi/vec4 65536, 0, 17;
    %store/vec4 v0x5593b9f15570_0, 0, 17;
T_1.17 ;
    %pushi/vec4 1, 0, 1;
    %assign/vec4 v0x5593b9f15960_0, 0;
    %load/vec4 v0x5593b9f15060_0;
    %flag_set/vec4 8;
    %jmp/0xz  T_1.22, 8;
    %pushi/vec4 8, 0, 17;
    %store/vec4 v0x5593b9f15490_0, 0, 17;
    %jmp T_1.23;
T_1.22 ;
    %pushi/vec4 2, 0, 17;
    %store/vec4 v0x5593b9f15490_0, 0, 17;
T_1.23 ;
    %jmp T_1.9;
T_1.2 ;
    %pushi/vec4 1, 0, 1;
    %store/vec4 v0x5593b9f15710_0, 0, 1;
    %load/vec4 v0x5593b9f158c0_0;
    %flag_set/vec4 8;
    %jmp/0xz  T_1.24, 8;
    %pushi/vec4 151, 0, 10;
    %store/vec4 v0x5593b9f157d0_0, 0, 10;
    %jmp T_1.25;
T_1.24 ;
    %pushi/vec4 872, 0, 10;
    %store/vec4 v0x5593b9f157d0_0, 0, 10;
T_1.25 ;
    %pushi/vec4 32, 0, 17;
    %store/vec4 v0x5593b9f15570_0, 0, 17;
    %load/vec4 v0x5593b9f15960_0;
    %nor/r;
    %store/vec4 v0x5593b9f15960_0, 0, 1;
    %pushi/vec4 1, 0, 1;
    %store/vec4 v0x5593b9f14df0_0, 0, 1;
    %jmp T_1.9;
T_1.3 ;
    %load/vec4 v0x5593b9f14f90_0;
    %dup/vec4;
    %pushi/vec4 240, 0, 8;
    %cmp/u;
    %jmp/1 T_1.26, 6;
    %dup/vec4;
    %pushi/vec4 241, 0, 8;
    %cmp/u;
    %jmp/1 T_1.27, 6;
    %dup/vec4;
    %pushi/vec4 242, 0, 8;
    %cmp/u;
    %jmp/1 T_1.28, 6;
    %dup/vec4;
    %pushi/vec4 243, 0, 8;
    %cmp/u;
    %jmp/1 T_1.29, 6;
    %dup/vec4;
    %pushi/vec4 244, 0, 8;
    %cmp/u;
    %jmp/1 T_1.30, 6;
    %dup/vec4;
    %pushi/vec4 245, 0, 8;
    %cmp/u;
    %jmp/1 T_1.31, 6;
    %dup/vec4;
    %pushi/vec4 246, 0, 8;
    %cmp/u;
    %jmp/1 T_1.32, 6;
    %dup/vec4;
    %pushi/vec4 247, 0, 8;
    %cmp/u;
    %jmp/1 T_1.33, 6;
    %dup/vec4;
    %pushi/vec4 248, 0, 8;
    %cmp/u;
    %jmp/1 T_1.34, 6;
    %dup/vec4;
    %pushi/vec4 249, 0, 8;
    %cmp/u;
    %jmp/1 T_1.35, 6;
    %dup/vec4;
    %pushi/vec4 250, 0, 8;
    %cmp/u;
    %jmp/1 T_1.36, 6;
    %dup/vec4;
    %pushi/vec4 251, 0, 8;
    %cmp/u;
    %jmp/1 T_1.37, 6;
    %dup/vec4;
    %pushi/vec4 252, 0, 8;
    %cmp/u;
    %jmp/1 T_1.38, 6;
    %dup/vec4;
    %pushi/vec4 253, 0, 8;
    %cmp/u;
    %jmp/1 T_1.39, 6;
    %dup/vec4;
    %pushi/vec4 254, 0, 8;
    %cmp/u;
    %jmp/1 T_1.40, 6;
    %dup/vec4;
    %pushi/vec4 255, 0, 8;
    %cmp/u;
    %jmp/1 T_1.41, 6;
    %dup/vec4;
    %pushi/vec4 239, 0, 8;
    %cmp/u;
    %jmp/1 T_1.42, 6;
    %jmp T_1.43;
T_1.26 ;
    %load/vec4 v0x5593b9f158c0_0;
    %flag_set/vec4 8;
    %jmp/0xz  T_1.44, 8;
    %pushi/vec4 590, 0, 10;
    %store/vec4 v0x5593b9f157d0_0, 0, 10;
    %jmp T_1.45;
T_1.44 ;
    %pushi/vec4 433, 0, 10;
    %store/vec4 v0x5593b9f157d0_0, 0, 10;
T_1.45 ;
    %jmp T_1.43;
T_1.27 ;
    %load/vec4 v0x5593b9f158c0_0;
    %flag_set/vec4 8;
    %jmp/0xz  T_1.46, 8;
    %pushi/vec4 456, 0, 10;
    %store/vec4 v0x5593b9f157d0_0, 0, 10;
    %jmp T_1.47;
T_1.46 ;
    %pushi/vec4 567, 0, 10;
    %store/vec4 v0x5593b9f157d0_0, 0, 10;
T_1.47 ;
    %jmp T_1.43;
T_1.28 ;
    %load/vec4 v0x5593b9f158c0_0;
    %flag_set/vec4 8;
    %jmp/0xz  T_1.48, 8;
    %pushi/vec4 712, 0, 10;
    %store/vec4 v0x5593b9f157d0_0, 0, 10;
    %jmp T_1.49;
T_1.48 ;
    %pushi/vec4 311, 0, 10;
    %store/vec4 v0x5593b9f157d0_0, 0, 10;
T_1.49 ;
    %jmp T_1.43;
T_1.29 ;
    %load/vec4 v0x5593b9f158c0_0;
    %flag_set/vec4 8;
    %jmp/0xz  T_1.50, 8;
    %pushi/vec4 209, 0, 10;
    %store/vec4 v0x5593b9f157d0_0, 0, 10;
    %jmp T_1.51;
T_1.50 ;
    %pushi/vec4 814, 0, 10;
    %store/vec4 v0x5593b9f157d0_0, 0, 10;
T_1.51 ;
    %jmp T_1.43;
T_1.30 ;
    %load/vec4 v0x5593b9f158c0_0;
    %flag_set/vec4 8;
    %jmp/0xz  T_1.52, 8;
    %pushi/vec4 840, 0, 10;
    %store/vec4 v0x5593b9f157d0_0, 0, 10;
    %jmp T_1.53;
T_1.52 ;
    %pushi/vec4 183, 0, 10;
    %store/vec4 v0x5593b9f157d0_0, 0, 10;
T_1.53 ;
    %jmp T_1.43;
T_1.31 ;
    %load/vec4 v0x5593b9f158c0_0;
    %flag_set/vec4 8;
    %jmp/0xz  T_1.54, 8;
    %pushi/vec4 337, 0, 10;
    %store/vec4 v0x5593b9f157d0_0, 0, 10;
    %jmp T_1.55;
T_1.54 ;
    %pushi/vec4 686, 0, 10;
    %store/vec4 v0x5593b9f157d0_0, 0, 10;
T_1.55 ;
    %jmp T_1.43;
T_1.32 ;
    %load/vec4 v0x5593b9f158c0_0;
    %flag_set/vec4 8;
    %jmp/0xz  T_1.56, 8;
    %pushi/vec4 593, 0, 10;
    %store/vec4 v0x5593b9f157d0_0, 0, 10;
    %jmp T_1.57;
T_1.56 ;
    %pushi/vec4 430, 0, 10;
    %store/vec4 v0x5593b9f157d0_0, 0, 10;
T_1.57 ;
    %jmp T_1.43;
T_1.33 ;
    %load/vec4 v0x5593b9f158c0_0;
    %flag_set/vec4 8;
    %jmp/0xz  T_1.58, 8;
    %pushi/vec4 94, 0, 10;
    %store/vec4 v0x5593b9f157d0_0, 0, 10;
    %jmp T_1.59;
T_1.58 ;
    %pushi/vec4 929, 0, 10;
    %store/vec4 v0x5593b9f157d0_0, 0, 10;
T_1.59 ;
    %jmp T_1.43;
T_1.34 ;
    %load/vec4 v0x5593b9f158c0_0;
    %flag_set/vec4 8;
    %jmp/0xz  T_1.60, 8;
    %pushi/vec4 206, 0, 10;
    %store/vec4 v0x5593b9f157d0_0, 0, 10;
    %jmp T_1.61;
T_1.60 ;
    %pushi/vec4 817, 0, 10;
    %store/vec4 v0x5593b9f157d0_0, 0, 10;
T_1.61 ;
    %jmp T_1.43;
T_1.35 ;
    %load/vec4 v0x5593b9f158c0_0;
    %flag_set/vec4 8;
    %jmp/0xz  T_1.62, 8;
    %pushi/vec4 401, 0, 10;
    %store/vec4 v0x5593b9f157d0_0, 0, 10;
    %jmp T_1.63;
T_1.62 ;
    %pushi/vec4 622, 0, 10;
    %store/vec4 v0x5593b9f157d0_0, 0, 10;
T_1.63 ;
    %jmp T_1.43;
T_1.36 ;
    %load/vec4 v0x5593b9f158c0_0;
    %flag_set/vec4 8;
    %jmp/0xz  T_1.64, 8;
    %pushi/vec4 657, 0, 10;
    %store/vec4 v0x5593b9f157d0_0, 0, 10;
    %jmp T_1.65;
T_1.64 ;
    %pushi/vec4 366, 0, 10;
    %store/vec4 v0x5593b9f157d0_0, 0, 10;
T_1.65 ;
    %jmp T_1.43;
T_1.37 ;
    %load/vec4 v0x5593b9f158c0_0;
    %flag_set/vec4 8;
    %jmp/0xz  T_1.66, 8;
    %pushi/vec4 158, 0, 10;
    %store/vec4 v0x5593b9f157d0_0, 0, 10;
    %jmp T_1.67;
T_1.66 ;
    %pushi/vec4 865, 0, 10;
    %store/vec4 v0x5593b9f157d0_0, 0, 10;
T_1.67 ;
    %jmp T_1.43;
T_1.38 ;
    %load/vec4 v0x5593b9f158c0_0;
    %flag_set/vec4 8;
    %jmp/0xz  T_1.68, 8;
    %pushi/vec4 785, 0, 10;
    %store/vec4 v0x5593b9f157d0_0, 0, 10;
    %jmp T_1.69;
T_1.68 ;
    %pushi/vec4 238, 0, 10;
    %store/vec4 v0x5593b9f157d0_0, 0, 10;
T_1.69 ;
    %jmp T_1.43;
T_1.39 ;
    %load/vec4 v0x5593b9f158c0_0;
    %flag_set/vec4 8;
    %jmp/0xz  T_1.70, 8;
    %pushi/vec4 286, 0, 10;
    %store/vec4 v0x5593b9f157d0_0, 0, 10;
    %jmp T_1.71;
T_1.70 ;
    %pushi/vec4 737, 0, 10;
    %store/vec4 v0x5593b9f157d0_0, 0, 10;
T_1.71 ;
    %jmp T_1.43;
T_1.40 ;
    %load/vec4 v0x5593b9f158c0_0;
    %flag_set/vec4 8;
    %jmp/0xz  T_1.72, 8;
    %pushi/vec4 542, 0, 10;
    %store/vec4 v0x5593b9f157d0_0, 0, 10;
    %jmp T_1.73;
T_1.72 ;
    %pushi/vec4 481, 0, 10;
    %store/vec4 v0x5593b9f157d0_0, 0, 10;
T_1.73 ;
    %jmp T_1.43;
T_1.41 ;
    %load/vec4 v0x5593b9f158c0_0;
    %flag_set/vec4 8;
    %jmp/0xz  T_1.74, 8;
    %pushi/vec4 334, 0, 10;
    %store/vec4 v0x5593b9f157d0_0, 0, 10;
    %jmp T_1.75;
T_1.74 ;
    %pushi/vec4 689, 0, 10;
    %store/vec4 v0x5593b9f157d0_0, 0, 10;
T_1.75 ;
    %jmp T_1.43;
T_1.42 ;
    %load/vec4 v0x5593b9f158c0_0;
    %flag_set/vec4 8;
    %jmp/0xz  T_1.76, 8;
    %pushi/vec4 654, 0, 10;
    %store/vec4 v0x5593b9f157d0_0, 0, 10;
    %jmp T_1.77;
T_1.76 ;
    %pushi/vec4 369, 0, 10;
    %store/vec4 v0x5593b9f157d0_0, 0, 10;
T_1.77 ;
    %jmp T_1.43;
T_1.43 ;
    %pop/vec4 1;
    %load/vec4 v0x5593b9f15960_0;
    %nor/r;
    %store/vec4 v0x5593b9f15960_0, 0, 1;
    %pushi/vec4 1, 0, 1;
    %store/vec4 v0x5593b9f14df0_0, 0, 1;
    %load/vec4 v0x5593b9f15060_0;
    %flag_set/vec4 8;
    %jmp/0xz  T_1.78, 8;
    %pushi/vec4 32, 0, 17;
    %store/vec4 v0x5593b9f15570_0, 0, 17;
    %jmp T_1.79;
T_1.78 ;
    %load/vec4 v0x5593b9f15100_0;
    %nor/r;
    %flag_set/vec4 9;
    %flag_get/vec4 9;
    %jmp/0 T_1.82, 9;
    %load/vec4 v0x5593b9f15060_0;
    %nor/r;
    %and;
T_1.82;
    %flag_set/vec4 8;
    %jmp/0xz  T_1.80, 8;
    %pushi/vec4 128, 0, 17;
    %store/vec4 v0x5593b9f15570_0, 0, 17;
T_1.80 ;
T_1.79 ;
    %jmp T_1.9;
T_1.4 ;
    %pushi/vec4 0, 0, 1;
    %store/vec4 v0x5593b9f15710_0, 0, 1;
    %load/vec4 v0x5593b9f158c0_0;
    %flag_set/vec4 8;
    %jmp/0xz  T_1.83, 8;
    %pushi/vec4 87, 0, 10;
    %store/vec4 v0x5593b9f157d0_0, 0, 10;
    %jmp T_1.84;
T_1.83 ;
    %pushi/vec4 936, 0, 10;
    %store/vec4 v0x5593b9f157d0_0, 0, 10;
T_1.84 ;
    %load/vec4 v0x5593b9f15960_0;
    %nor/r;
    %store/vec4 v0x5593b9f15960_0, 0, 1;
    %pushi/vec4 1, 0, 1;
    %store/vec4 v0x5593b9f14df0_0, 0, 1;
    %load/vec4 v0x5593b9f15960_0;
    %nor/r;
    %flag_set/vec4 9;
    %flag_get/vec4 9;
    %jmp/0 T_1.87, 9;
    %load/vec4 v0x5593b9f15270_0;
    %and;
T_1.87;
    %flag_set/vec4 8;
    %jmp/0xz  T_1.85, 8;
    %pushi/vec4 2, 0, 17;
    %store/vec4 v0x5593b9f15570_0, 0, 17;
    %jmp T_1.86;
T_1.85 ;
    %pushi/vec4 256, 0, 17;
    %store/vec4 v0x5593b9f15570_0, 0, 17;
T_1.86 ;
    %jmp T_1.9;
T_1.5 ;
    %load/vec4 v0x5593b9f15960_0;
    %nor/r;
    %flag_set/vec4 8;
    %jmp/0xz  T_1.88, 8;
    %pushi/vec4 0, 0, 1;
    %store/vec4 v0x5593b9f15710_0, 0, 1;
T_1.88 ;
    %load/vec4 v0x5593b9f158c0_0;
    %flag_set/vec4 8;
    %jmp/0xz  T_1.90, 8;
    %pushi/vec4 279, 0, 10;
    %store/vec4 v0x5593b9f157d0_0, 0, 10;
    %jmp T_1.91;
T_1.90 ;
    %pushi/vec4 744, 0, 10;
    %store/vec4 v0x5593b9f157d0_0, 0, 10;
T_1.91 ;
    %load/vec4 v0x5593b9f15960_0;
    %nor/r;
    %store/vec4 v0x5593b9f15960_0, 0, 1;
    %pushi/vec4 1, 0, 1;
    %store/vec4 v0x5593b9f14df0_0, 0, 1;
    %pushi/vec4 64, 0, 17;
    %store/vec4 v0x5593b9f15570_0, 0, 17;
    %jmp T_1.9;
T_1.6 ;
    %load/vec4 v0x5593b9f158c0_0;
    %flag_set/vec4 8;
    %jmp/0xz  T_1.92, 8;
    %pushi/vec4 87, 0, 10;
    %store/vec4 v0x5593b9f157d0_0, 0, 10;
    %jmp T_1.93;
T_1.92 ;
    %pushi/vec4 936, 0, 10;
    %store/vec4 v0x5593b9f157d0_0, 0, 10;
T_1.93 ;
    %load/vec4 v0x5593b9f15960_0;
    %nor/r;
    %store/vec4 v0x5593b9f15960_0, 0, 1;
    %pushi/vec4 1, 0, 1;
    %store/vec4 v0x5593b9f14df0_0, 0, 1;
    %load/vec4 v0x5593b9f15270_0;
    %flag_set/vec4 8;
    %jmp/0xz  T_1.94, 8;
    %pushi/vec4 2, 0, 17;
    %store/vec4 v0x5593b9f15570_0, 0, 17;
T_1.94 ;
    %jmp T_1.9;
T_1.7 ;
    %load/vec4 v0x5593b9f15310_0;
    %flag_set/vec4 8;
    %jmp/0xz  T_1.96, 8;
    %pushi/vec4 361, 0, 10;
    %store/vec4 v0x5593b9f157d0_0, 0, 10;
    %jmp T_1.97;
T_1.96 ;
    %pushi/vec4 613, 0, 10;
    %store/vec4 v0x5593b9f157d0_0, 0, 10;
T_1.97 ;
    %pushi/vec4 0, 0, 1;
    %store/vec4 v0x5593b9f15960_0, 0, 1;
    %pushi/vec4 1, 0, 1;
    %store/vec4 v0x5593b9f15270_0, 0, 1;
    %load/vec4 v0x5593b9f15490_0;
    %store/vec4 v0x5593b9f15570_0, 0, 17;
    %pushi/vec4 0, 0, 1;
    %store/vec4 v0x5593b9f15960_0, 0, 1;
    %pushi/vec4 1, 0, 1;
    %store/vec4 v0x5593b9f14df0_0, 0, 1;
    %jmp T_1.9;
T_1.8 ;
    %load/vec4 v0x5593b9f15310_0;
    %flag_set/vec4 8;
    %jmp/0xz  T_1.98, 8;
    %pushi/vec4 669, 0, 10;
    %store/vec4 v0x5593b9f157d0_0, 0, 10;
    %jmp T_1.99;
T_1.98 ;
    %pushi/vec4 586, 0, 10;
    %store/vec4 v0x5593b9f157d0_0, 0, 10;
T_1.99 ;
    %pushi/vec4 0, 0, 1;
    %store/vec4 v0x5593b9f15960_0, 0, 1;
    %pushi/vec4 1, 0, 1;
    %store/vec4 v0x5593b9f15270_0, 0, 1;
    %load/vec4 v0x5593b9f15490_0;
    %store/vec4 v0x5593b9f15570_0, 0, 17;
    %pushi/vec4 0, 0, 1;
    %store/vec4 v0x5593b9f15960_0, 0, 1;
    %pushi/vec4 1, 0, 1;
    %store/vec4 v0x5593b9f14df0_0, 0, 1;
    %jmp T_1.9;
T_1.9 ;
    %pop/vec4 1;
    %jmp T_1;
    .thread T_1, $push;
    .scope S_0x5593b9eeab40;
T_2 ;
    %delay 10, 0;
    %load/vec4 v0x5593b9eeae60_0;
    %nor/r;
    %store/vec4 v0x5593b9eeae60_0, 0, 1;
    %jmp T_2;
    .thread T_2;
    .scope S_0x5593b9eeab40;
T_3 ;
    %delay 0, 0;
    %pushi/vec4 0, 0, 1;
    %store/vec4 v0x5593b9f10a30_0, 0, 1;
    %pushi/vec4 0, 0, 1;
    %store/vec4 v0x5593b9f10be0_0, 0, 1;
    %pushi/vec4 0, 0, 1;
    %store/vec4 v0x5593b9f10ca0_0, 0, 1;
    %pushi/vec4 0, 0, 1;
    %store/vec4 v0x5593b9eeae60_0, 0, 1;
    %pushi/vec4 0, 0, 8;
    %store/vec4 v0x5593b9f10af0_0, 0, 8;
    %delay 30, 0;
    %pushi/vec4 1, 0, 1;
    %store/vec4 v0x5593b9f10a30_0, 0, 1;
    %delay 130, 0;
    %pushi/vec4 1, 0, 1;
    %store/vec4 v0x5593b9f10be0_0, 0, 1;
    %pushi/vec4 0, 0, 1;
    %store/vec4 v0x5593b9f10ca0_0, 0, 1;
    %pushi/vec4 240, 0, 8;
    %store/vec4 v0x5593b9f10af0_0, 0, 8;
    %delay 110, 0;
    %pushi/vec4 241, 0, 8;
    %store/vec4 v0x5593b9f10af0_0, 0, 8;
    %delay 40, 0;
    %pushi/vec4 242, 0, 8;
    %store/vec4 v0x5593b9f10af0_0, 0, 8;
    %delay 40, 0;
    %pushi/vec4 243, 0, 8;
    %store/vec4 v0x5593b9f10af0_0, 0, 8;
    %delay 40, 0;
    %pushi/vec4 244, 0, 8;
    %store/vec4 v0x5593b9f10af0_0, 0, 8;
    %delay 40, 0;
    %pushi/vec4 253, 0, 8;
    %store/vec4 v0x5593b9f10af0_0, 0, 8;
    %delay 40, 0;
    %pushi/vec4 254, 0, 8;
    %store/vec4 v0x5593b9f10af0_0, 0, 8;
    %delay 200, 0;
    %pushi/vec4 0, 0, 1;
    %store/vec4 v0x5593b9f10be0_0, 0, 1;
    %pushi/vec4 0, 0, 8;
    %store/vec4 v0x5593b9f10af0_0, 0, 8;
    %delay 200, 0;
    %vpi_call/w 4 64 "$finish" {0 0 0};
    %end;
    .thread T_3;
    .scope S_0x5593b9e78300;
T_4 ;
    %vpi_call/w 3 17 "$dumpfile", "transmisor_output.vcd" {0 0 0};
    %vpi_call/w 3 18 "$dumpvars", 32'sb11111111111111111111111111111111, S_0x5593b9f10f50 {0 0 0};
    %vpi_call/w 3 19 "$dumpvars", 32'sb11111111111111111111111111111111, S_0x5593b9eeab40 {0 0 0};
    %end;
    .thread T_4;
# The file index is used to find the file name in the following table.
:file_names 7;
    "N/A";
    "<interactive>";
    "-";
    "testbench.v";
    "./tester.v";
    "./transmisor.v";
    "./tabla_code-groups.v";
